Determining if the pthread_create exist failed with the following output:
Change Dir: /media/student/WORK USB/University Work/Year 3/Autonomous Robotics/ARW2Code/build/CMakeFiles/CMakeTmp

Run Build Command:"/usr/bin/make" "cmTC_5bf08/fast"
/usr/bin/make -f CMakeFiles/cmTC_5bf08.dir/build.make CMakeFiles/cmTC_5bf08.dir/build
make[1]: Entering directory '/media/student/WORK USB/University Work/Year 3/Autonomous Robotics/ARW2Code/build/CMakeFiles/CMakeTmp'
Building C object CMakeFiles/cmTC_5bf08.dir/CheckSymbolExists.c.o
/usr/bin/cc     -o CMakeFiles/cmTC_5bf08.dir/CheckSymbolExists.c.o   -c "/media/student/WORK USB/University Work/Year 3/Autonomous Robotics/ARW2Code/build/CMakeFiles/CMakeTmp/CheckSymbolExists.c"
Linking C executable cmTC_5bf08
/usr/bin/cmake -E cmake_link_script CMakeFiles/cmTC_5bf08.dir/link.txt --verbose=1
/usr/bin/cc       CMakeFiles/cmTC_5bf08.dir/CheckSymbolExists.c.o  -o cmTC_5bf08 -rdynamic 
CMakeFiles/cmTC_5bf08.dir/CheckSymbolExists.c.o: In function `main':
CheckSymbolExists.c:(.text+0x16): undefined reference to `pthread_create'
collect2: error: ld returned 1 exit status
CMakeFiles/cmTC_5bf08.dir/build.make:97: recipe for target 'cmTC_5bf08' failed
make[1]: *** [cmTC_5bf08] Error 1
make[1]: Leaving directory '/media/student/WORK USB/University Work/Year 3/Autonomous Robotics/ARW2Code/build/CMakeFiles/CMakeTmp'
Makefile:126: recipe for target 'cmTC_5bf08/fast' failed
make: *** [cmTC_5bf08/fast] Error 2

File /media/student/WORK USB/University Work/Year 3/Autonomous Robotics/ARW2Code/build/CMakeFiles/CMakeTmp/CheckSymbolExists.c:
/* */
#include <pthread.h>

int main(int argc, char** argv)
{
  (void)argv;
#ifndef pthread_create
  return ((int*)(&pthread_create))[argc];
#else
  (void)argc;
  return 0;
#endif
}

Determining if the function pthread_create exists in the pthreads failed with the following output:
Change Dir: /media/student/WORK USB/University Work/Year 3/Autonomous Robotics/ARW2Code/build/CMakeFiles/CMakeTmp

Run Build Command:"/usr/bin/make" "cmTC_54740/fast"
/usr/bin/make -f CMakeFiles/cmTC_54740.dir/build.make CMakeFiles/cmTC_54740.dir/build
make[1]: Entering directory '/media/student/WORK USB/University Work/Year 3/Autonomous Robotics/ARW2Code/build/CMakeFiles/CMakeTmp'
Building C object CMakeFiles/cmTC_54740.dir/CheckFunctionExists.c.o
/usr/bin/cc    -DCHECK_FUNCTION_EXISTS=pthread_create   -o CMakeFiles/cmTC_54740.dir/CheckFunctionExists.c.o   -c /usr/share/cmake-3.5/Modules/CheckFunctionExists.c
Linking C executable cmTC_54740
/usr/bin/cmake -E cmake_link_script CMakeFiles/cmTC_54740.dir/link.txt --verbose=1
/usr/bin/cc   -DCHECK_FUNCTION_EXISTS=pthread_create    CMakeFiles/cmTC_54740.dir/CheckFunctionExists.c.o  -o cmTC_54740 -rdynamic -lpthreads 
/usr/bin/ld: cannot find -lpthreads
collect2: error: ld returned 1 exit status
CMakeFiles/cmTC_54740.dir/build.make:97: recipe for target 'cmTC_54740' failed
make[1]: *** [cmTC_54740] Error 1
make[1]: Leaving directory '/media/student/WORK USB/University Work/Year 3/Autonomous Robotics/ARW2Code/build/CMakeFiles/CMakeTmp'
Makefile:126: recipe for target 'cmTC_54740/fast' failed
make: *** [cmTC_54740/fast] Error 2


